DiagnosticsPlugin.exe Information: 0 : [6/2/2024 11:22:53 AM] Starting DiagnosticPlugin.exe DiagnosticPlugin-ShutdownEvent DiagnosticPlugin-TotalShutdownEvent -wadVer1v5
DiagnosticsPlugin.exe Error: 0 : [6/2/2024 11:22:53 AM] Failed to save IIS Directory state
DiagnosticsPlugin.exe Error: 0 : [6/2/2024 11:22:53 AM] System.Runtime.InteropServices.COMException (0x80040154): Retrieving the COM class factory for component with CLSID {2B72133B-3F5B-4602-8952-803546CE3344} failed due to the following error: 80040154 Class not registered (Exception from HRESULT: 0x80040154 (REGDB_E_CLASSNOTREG)).
   at System.Runtime.Remoting.RemotingServices.AllocateUninitializedObject(RuntimeType objectType)
   at System.Runtime.Remoting.Activation.ActivationServices.CreateInstance(RuntimeType serverType)
   at System.Runtime.Remoting.Activation.ActivationServices.IsCurrentContextOK(RuntimeType serverType, Object[] props, Boolean bNewObj)
   at System.RuntimeTypeHandle.CreateInstance(RuntimeType type, Boolean publicOnly, Boolean noCheck, Boolean& canBeCached, RuntimeMethodHandleInternal& ctor, Boolean& bNeedSecurityCheck)
   at System.RuntimeType.CreateInstanceSlow(Boolean publicOnly, Boolean skipCheckThis, Boolean fillCache, StackCrawlMark& stackMark)
   at System.Activator.CreateInstance[T]()
   at Microsoft.Web.Administration.ConfigurationManager.CreateAdminManager[TClass,TInterface](WebConfigurationMap webConfigMap, Boolean isAdminConfig, Boolean isRedirectionConfig)
   at Microsoft.Web.Administration.ConfigurationManager.CreateWritableAdminManager(WebConfigurationMap webConfigMap, String configPathToEdit, Boolean isAdminConfig, Boolean isRedirectionConfig)
   at Microsoft.Web.Administration.ConfigurationManager.CreateConfiguration(WebConfigurationMap configMap, String configPathToEdit, Boolean isAdminConfig, Boolean isRedirectionConfig)
   at Microsoft.Web.Administration.ConfigurationManager.GetConfiguration(String rawConfigurationPath, String cacheKey, Boolean isAdminConfig, Boolean isRedirectionConfig)
   at Microsoft.Web.Administration.ConfigurationManager.GetApplicationHostConfiguration()
   at Microsoft.Web.Administration.ServerManager.SitesSectionCreator()
   at Microsoft.Web.Administration.Lazy.Initialize[T](T& target, CreateInstanceDelegate`1 valueFactory)
   at Microsoft.Web.Administration.ServerManager.SitesCollectionCreator()
   at Microsoft.Web.Administration.Lazy.Initialize[T](T& target, CreateInstanceDelegate`1 valueFactory)
   at Microsoft.Azure.Plugins.Plugin.DiagnosticsPluginManager.SaveIISDirectoryState()
DiagnosticsPlugin.exe Information: 0 : [6/2/2024 11:22:53 AM] Starting DiagnosticsPlugin
DiagnosticsPlugin.exe Information: 0 : [6/2/2024 11:22:53 AM] Emulator config file set to D:\Preuzimanja\CLOUD-konacno\Cloud-Projekat\Cloud\Cloud\csx\Debug\roles\NotificationService\approot\diagnostics.wadcfgx
DiagnosticsPlugin.exe Information: 0 : [6/2/2024 11:22:53 AM] DiagnosticsStoreRootPath set to: D:\Preuzimanja\CLOUD-konacno\Cloud-Projekat\Cloud\Cloud\csx\Debug\roles\NotificationService\approot
DiagnosticsPlugin.exe Information: 0 : [6/2/2024 11:22:53 AM] Loading config file: D:\Preuzimanja\CLOUD-konacno\Cloud-Projekat\Cloud\Cloud\csx\Debug\roles\NotificationService\approot\diagnostics.wadcfgx
DiagnosticsPlugin.exe Information: 0 : [6/2/2024 11:22:53 AM] Config file to read: D:\Preuzimanja\CLOUD-konacno\Cloud-Projekat\Cloud\Cloud\csx\Debug\roles\NotificationService\approot\diagnostics.wadcfgx
DiagnosticsPlugin.exe Information: 0 : [6/2/2024 11:22:53 AM] Checking VM Type
DiagnosticsPlugin.exe Information: 0 : [6/2/2024 11:22:53 AM] Emulator config file set to D:\Preuzimanja\CLOUD-konacno\Cloud-Projekat\Cloud\Cloud\csx\Debug\roles\NotificationService\approot\diagnostics.wadcfgx
DiagnosticsPlugin.exe Information: 0 : [6/2/2024 11:22:53 AM] Extension set to Emulator Mode
DiagnosticsPlugin.exe Information: 0 : [6/2/2024 11:22:53 AM] Reading XML configuration file
DiagnosticsPlugin.exe Information: 0 : [6/2/2024 11:22:53 AM] Bypassing private config decryption
DiagnosticsPlugin.exe Information: 0 : [6/2/2024 11:22:53 AM] WadCfg is provided in initial configuration. Using that to initialize Diagnostics.
DiagnosticsPlugin.exe Information: 0 : [6/2/2024 11:22:53 AM] <PublicConfig xmlns="http://schemas.microsoft.com/ServiceHosting/2010/10/DiagnosticsConfiguration">
  <WadCfg>
    <DiagnosticMonitorConfiguration overallQuotaInMB="4096">
      <DiagnosticInfrastructureLogs scheduledTransferLogLevelFilter="Error" />
      <Logs scheduledTransferPeriod="PT1M" scheduledTransferLogLevelFilter="Error" />
      <Directories scheduledTransferPeriod="PT1M">
        <IISLogs containerName="wad-iis-logfiles" />
        <FailedRequestLogs containerName="wad-failedrequestlogs" />
      </Directories>
      <WindowsEventLog scheduledTransferPeriod="PT1M">
        <DataSource name="Application!*[System[(Level=1 or Level=2 or Level=3)]]" />
        <DataSource name="Windows Azure!*[System[(Level=1 or Level=2 or Level=3 or Level=4)]]" />
      </WindowsEventLog>
      <CrashDumps containerName="wad-crashdumps" dumpType="Mini">
        <CrashDumpConfiguration processName="WaIISHost.exe" />
        <CrashDumpConfiguration processName="WaWorkerHost.exe" />
        <CrashDumpConfiguration processName="w3wp.exe" />
      </CrashDumps>
      <PerformanceCounters scheduledTransferPeriod="PT1M">
        <PerformanceCounterConfiguration counterSpecifier="\Memory\Available MBytes" sampleRate="PT3M" />
        <PerformanceCounterConfiguration counterSpecifier="\Web Service(_Total)\ISAPI Extension Requests/sec" sampleRate="PT3M" />
        <PerformanceCounterConfiguration counterSpecifier="\Web Service(_Total)\Bytes Total/Sec" sampleRate="PT3M" />
        <PerformanceCounterConfiguration counterSpecifier="\ASP.NET Applications(__Total__)\Requests/Sec" sampleRate="PT3M" />
        <PerformanceCounterConfiguration counterSpecifier="\ASP.NET Applications(__Total__)\Errors Total/Sec" sampleRate="PT3M" />
        <PerformanceCounterConfiguration counterSpecifier="\ASP.NET\Requests Queued" sampleRate="PT3M" />
        <PerformanceCounterConfiguration counterSpecifier="\ASP.NET\Requests Rejected" sampleRate="PT3M" />
        <PerformanceCounterConfiguration counterSpecifier="\Processor(_Total)\% Processor Time" sampleRate="PT3M" />
      </PerformanceCounters>
    </DiagnosticMonitorConfiguration>
  </WadCfg>
  <StorageAccount>devstoreaccount1</StorageAccount>
</PublicConfig>
DiagnosticsPlugin.exe Information: 0 : [6/2/2024 11:22:53 AM] Private setting is loaded
DiagnosticsPlugin.exe Information: 0 : [6/2/2024 11:22:53 AM] Is config json/xml loaded
DiagnosticsPlugin.exe Information: 0 : [6/2/2024 11:22:53 AM] Checking if configuration needs to be fetched from the storage account and doing so if needed.
DiagnosticsPlugin.exe Information: 0 : [6/2/2024 11:22:54 AM] Checkpoint file is presentD:\Preuzimanja\CLOUD-konacno\Cloud-Projekat\Cloud\Cloud\csx\Debug\roles\NotificationService\approot\WAD0105\Configuration\Checkpoint.txt
DiagnosticsPlugin.exe Information: 0 : [6/2/2024 11:22:54 AM] Will use local resource directory D:\Preuzimanja\CLOUD-konacno\Cloud-Projekat\Cloud\Cloud\csx\Debug\roles\NotificationService\approot\WAD0105
DiagnosticsPlugin.exe Information: 0 : [6/2/2024 11:22:54 AM] Will use endpoint https://core.windows.net for storage.
DiagnosticsPlugin.exe Information: 0 : [6/2/2024 11:22:55 AM] Exception in creating the ServerManager; is IIS installed?
 Error:System.Runtime.InteropServices.COMException (0x80040154): Retrieving the COM class factory for component with CLSID {2B72133B-3F5B-4602-8952-803546CE3344} failed due to the following error: 80040154 Class not registered (Exception from HRESULT: 0x80040154 (REGDB_E_CLASSNOTREG)).
   at System.Runtime.Remoting.RemotingServices.AllocateUninitializedObject(RuntimeType objectType)
   at System.Runtime.Remoting.Activation.ActivationServices.CreateInstance(RuntimeType serverType)
   at System.Runtime.Remoting.Activation.ActivationServices.IsCurrentContextOK(RuntimeType serverType, Object[] props, Boolean bNewObj)
   at System.RuntimeTypeHandle.CreateInstance(RuntimeType type, Boolean publicOnly, Boolean noCheck, Boolean& canBeCached, RuntimeMethodHandleInternal& ctor, Boolean& bNeedSecurityCheck)
   at System.RuntimeType.CreateInstanceSlow(Boolean publicOnly, Boolean skipCheckThis, Boolean fillCache, StackCrawlMark& stackMark)
   at System.Activator.CreateInstance[T]()
   at Microsoft.Web.Administration.ConfigurationManager.CreateAdminManager[TClass,TInterface](WebConfigurationMap webConfigMap, Boolean isAdminConfig, Boolean isRedirectionConfig)
   at Microsoft.Web.Administration.ConfigurationManager.CreateWritableAdminManager(WebConfigurationMap webConfigMap, String configPathToEdit, Boolean isAdminConfig, Boolean isRedirectionConfig)
   at Microsoft.Web.Administration.ConfigurationManager.CreateConfiguration(WebConfigurationMap configMap, String configPathToEdit, Boolean isAdminConfig, Boolean isRedirectionConfig)
   at Microsoft.Web.Administration.ConfigurationManager.GetConfiguration(String rawConfigurationPath, String cacheKey, Boolean isAdminConfig, Boolean isRedirectionConfig)
   at Microsoft.Web.Administration.ConfigurationManager.GetApplicationHostConfiguration()
   at Microsoft.Web.Administration.ServerManager.SitesSectionCreator()
   at Microsoft.Web.Administration.Lazy.Initialize[T](T& target, CreateInstanceDelegate`1 valueFactory)
   at Microsoft.Web.Administration.ServerManager.SitesCollectionCreator()
   at Microsoft.Web.Administration.Lazy.Initialize[T](T& target, CreateInstanceDelegate`1 valueFactory)
   at Microsoft.Azure.Plugins.Plugin.WadConfigProcessor.AddDirectories(EventsType mdsEvents, Directories wadDirectories)
DiagnosticsPlugin.exe Information: 0 : [6/2/2024 11:22:55 AM] Running in emulator mode, crash dumps not enabled
DiagnosticsPlugin.exe Information: 0 : [6/2/2024 11:22:56 AM] Checking to see if Application Insights extension needs to be configured.
DiagnosticsPlugin.exe Error: 0 : [6/2/2024 11:22:56 AM] Encountered a problem while writing the file: System.IO.IOException: The process cannot access the file 'D:\Preuzimanja\CLOUD-konacno\Cloud-Projekat\Cloud\Cloud\csx\Debug\roles\NotificationService\approot\WAD0105\Configuration\MaConfig.xml' because it is being used by another process.
   at System.IO.__Error.WinIOError(Int32 errorCode, String maybeFullPath)
   at System.IO.FileStream.Init(String path, FileMode mode, FileAccess access, Int32 rights, Boolean useRights, FileShare share, Int32 bufferSize, FileOptions options, SECURITY_ATTRIBUTES secAttrs, String msgPath, Boolean bFromProxy, Boolean useLongPath, Boolean checkHost)
   at System.IO.FileStream..ctor(String path, FileMode mode, FileAccess access, FileShare share, Int32 bufferSize, FileOptions options, String msgPath, Boolean bFromProxy)
   at System.IO.FileStream..ctor(String path, FileMode mode, FileAccess access, FileShare share, Int32 bufferSize, Boolean useAsync)
   at System.Xml.XmlWriterSettings.CreateWriter(String outputFileName)
   at Microsoft.Azure.Plugins.Plugin.BaseMonitoringConfig.WriteFile(MonitoringManagement config, String outFile)
DiagnosticsPlugin.exe Error: 0 : [6/2/2024 11:22:56 AM] Retrying after 2 seconds
DiagnosticsPlugin.exe Error: 0 : [6/2/2024 11:22:58 AM] Encountered a problem while writing the file: System.IO.IOException: The process cannot access the file 'D:\Preuzimanja\CLOUD-konacno\Cloud-Projekat\Cloud\Cloud\csx\Debug\roles\NotificationService\approot\WAD0105\Configuration\MaConfig.xml' because it is being used by another process.
   at System.IO.__Error.WinIOError(Int32 errorCode, String maybeFullPath)
   at System.IO.FileStream.Init(String path, FileMode mode, FileAccess access, Int32 rights, Boolean useRights, FileShare share, Int32 bufferSize, FileOptions options, SECURITY_ATTRIBUTES secAttrs, String msgPath, Boolean bFromProxy, Boolean useLongPath, Boolean checkHost)
   at System.IO.FileStream..ctor(String path, FileMode mode, FileAccess access, FileShare share, Int32 bufferSize, FileOptions options, String msgPath, Boolean bFromProxy)
   at System.IO.FileStream..ctor(String path, FileMode mode, FileAccess access, FileShare share, Int32 bufferSize, Boolean useAsync)
   at System.Xml.XmlWriterSettings.CreateWriter(String outputFileName)
   at Microsoft.Azure.Plugins.Plugin.BaseMonitoringConfig.WriteFile(MonitoringManagement config, String outFile)
DiagnosticsPlugin.exe Error: 0 : [6/2/2024 11:22:58 AM] Retrying after 2 seconds
DiagnosticsPlugin.exe Information: 0 : [6/2/2024 11:23:00 AM] In emulator mode and using devstore updating XStoreAccount info, command line args: -LocalPath "D:\Preuzimanja\CLOUD-konacno\Cloud-Projekat\Cloud\Cloud\csx\Debug\roles\NotificationService\approot\WAD0105"  -ConfigFile "D:\Preuzimanja\CLOUD-konacno\Cloud-Projekat\Cloud\Cloud\csx\Debug\roles\NotificationService\approot\WAD0105\Configuration\MaConfig.xml" -ShutDownEvent WADDM-ShutDown-796bbc10a9fa44fd9aeb6d2f2a0ecce1  -TotalShutDownEvent WADDM-TotalShutDown-796bbc10a9fa44fd9aeb6d2f2a0ecce1 -InitializedEvent WADM-StartUp-796bbc10a9fa44fd9aeb6d2f2a0ecce1 -parent 22640 -events -wadVer1v5 -UseProxyServer -XStoreAccounts WadAccount#true#devstoreaccount1#Eby8vdM02xNOcqFlqUwJPLlmEtlCDXJ1OUzFT50uSRZ6IFsuFq2UVErCz4I6tq/K1SZFPTOtr/KBHBeksoGMGw==#http://127.0.0.1:10002#http://127.0.0.1:10001#http://127.0.0.1:10000
DiagnosticsPlugin.exe Error: 0 : [6/2/2024 11:23:30 AM] Microsoft.Cis.Monitoring.Query.QueryException: ErrorFail
   at Microsoft.Cis.Monitoring.Query.QueryLocalTable..ctor(String TableName, String TablePath)
   at ApplicationInsightsExtension.MATableReader.ReadTableRecords(String tableName, String tablePath, DateTime startTime, DateTime endTime)
   at Microsoft.Azure.Plugins.Diagnostics.dll.MAStatusWriter.UpdateStatusReport(Object sender, ElapsedEventArgs e)
DiagnosticsPlugin.exe Information: 0 : [6/2/2024 11:24:00 AM] MonAgentHost.exe started
DiagnosticsPlugin.exe Information: 0 : [6/2/2024 11:24:00 AM] DiagnoticsPlugin started.
DiagnosticsPlugin.exe Information: 0 : [6/2/2024 11:24:00 AM] DiagnoticsPlugin now waiting on events "DiagnosticPlugin-ShutdownEvent", "DiagnosticPlugin-TotalShutdownEvent" or "DiagnosticPlugin-RestartEvent".
DiagnosticsPlugin.exe Error: 0 : [6/2/2024 11:24:01 AM] Microsoft.Cis.Monitoring.Query.QueryException: ErrorFail
   at Microsoft.Cis.Monitoring.Query.QueryLocalTable..ctor(String TableName, String TablePath)
   at ApplicationInsightsExtension.MATableReader.ReadTableRecords(String tableName, String tablePath, DateTime startTime, DateTime endTime)
   at Microsoft.Azure.Plugins.Diagnostics.dll.MAStatusWriter.UpdateStatusReport(Object sender, ElapsedEventArgs e)
